生成启动时间为 2021/8/7 12:50:08。
     1>项目“D:\VS2010_lianxi\test_08_06\test_08_06\test_08_06.vcxproj”在节点 2 上(build 个目标)。
     1>InitializeBuildStatus:
         正在对“Debug\test_08_06.unsuccessfulbuild”执行 Touch 任务。
       ClCompile:
         所有输出均为最新。
       Link:
         d:\VS2010\VC\bin\link.exe /ERRORREPORT:PROMPT /OUT:"D:\VS2010_lianxi\test_08_06\Debug\test_08_06.exe" /NOLOGO kernel32.lib user32.lib gdi32.lib winspool.lib comdlg32.lib advapi32.lib shell32.lib ole32.lib oleaut32.lib uuid.lib odbc32.lib odbccp32.lib /MANIFEST /ManifestFile:"Debug\test_08_06.exe.intermediate.manifest" /MANIFESTUAC:"level='asInvoker' uiAccess='false'" /DEBUG /PDB:"D:\VS2010_lianxi\test_08_06\Debug\test_08_06.pdb" /SUBSYSTEM:CONSOLE /TLBID:1 /DYNAMICBASE /NXCOMPAT /IMPLIB:"D:\VS2010_lianxi\test_08_06\Debug\test_08_06.lib" /MACHINE:X86 Debug\test_01.obj
         Debug\test_02.obj
     1>test_02.obj : error LNK2005: _main 已经在 test_01.obj 中定义
     1>D:\VS2010_lianxi\test_08_06\Debug\test_08_06.exe : fatal error LNK1169: 找到一个或多个多重定义的符号
     1>已完成生成项目“D:\VS2010_lianxi\test_08_06\test_08_06\test_08_06.vcxproj”(build 个目标)的操作 - 失败。

生成失败。

已用时间 00:00:00.13
